{"D:\\hzq\\github\\vue-tool-plugin\\dist\\tool-methods.js":{"path":"D:\\hzq\\github\\vue-tool-plugin\\dist\\tool-methods.js","s":{"1":1,"2":1,"3":1,"4":0,"5":1,"6":1,"7":1,"8":1,"9":1,"10":0,"11":1,"12":1,"13":0,"14":1,"15":0,"16":0,"17":0,"18":0,"19":0,"20":0,"21":0,"22":0,"23":0,"24":1,"25":1,"26":1,"27":1,"28":1,"29":1,"30":1,"31":0,"32":1,"33":1,"34":1,"35":0,"36":1,"37":1,"38":1,"39":1,"40":1,"41":1,"42":1,"43":0,"44":1,"45":8,"46":5,"47":1,"48":1,"49":0,"50":1,"51":1,"52":1,"53":3,"54":1,"55":3,"56":1,"57":3,"58":1,"59":3,"60":3,"61":3,"62":3,"63":3,"64":1,"65":1,"66":0,"67":1,"68":1,"69":1,"70":1,"71":2,"72":12,"73":2,"74":10,"75":12,"76":2,"77":2,"78":2,"79":1,"80":2,"81":2,"82":1,"83":1,"84":1,"85":1,"86":2,"87":2,"88":1,"89":1,"90":1,"91":0,"92":0,"93":1,"94":0,"95":0,"96":0,"97":2,"98":2,"99":0,"100":0,"101":0,"102":5,"103":3,"104":2,"105":1,"106":2,"107":0,"108":0,"109":0,"110":0,"111":0,"112":0,"113":0,"114":0,"115":0,"116":0,"117":0,"118":0,"119":0,"120":0,"121":0,"122":0,"123":0,"124":0},"b":{"1":[0,1],"2":[1,0],"3":[1,0],"4":[0,1],"5":[0,0],"6":[0,0],"7":[0,0],"8":[0,0],"9":[0,0],"10":[1,0],"11":[0,1],"12":[1,0],"13":[0,1],"14":[0,1],"15":[1,0],"16":[0,1],"17":[1,0],"18":[0,1],"19":[1,0],"20":[0,1],"21":[0,0],"22":[0,0],"23":[5,3],"24":[0,5],"25":[0,1],"26":[1,2],"27":[1,2],"28":[1,2],"29":[0,1],"30":[1,1],"31":[2,10],"32":[12,4],"33":[1,1],"34":[1,1],"35":[1,0],"36":[1,1],"37":[0,1],"38":[0,0],"39":[3,2],"40":[2,1],"41":[1,1],"42":[0,0],"43":[0,0],"44":[0,0]},"f":{"1":1,"2":1,"3":0,"4":1,"5":1,"6":1,"7":1,"8":3,"9":2,"10":2,"11":0,"12":2,"13":0,"14":0,"15":5,"16":0},"fnMap":{"1":{"name":"(anonymous_1)","line":6,"loc":{"start":{"line":6,"column":10},"end":{"line":6,"column":31}}},"2":{"name":"(anonymous_2)","line":17,"loc":{"start":{"line":17,"column":14},"end":{"line":17,"column":29}}},"3":{"name":"(anonymous_3)","line":22,"loc":{"start":{"line":22,"column":15},"end":{"line":22,"column":30}}},"4":{"name":"(anonymous_4)","line":37,"loc":{"start":{"line":37,"column":9},"end":{"line":37,"column":24}}},"5":{"name":"(anonymous_5)","line":42,"loc":{"start":{"line":42,"column":8},"end":{"line":42,"column":23}}},"6":{"name":"(anonymous_6)","line":49,"loc":{"start":{"line":49,"column":11},"end":{"line":49,"column":32}}},"7":{"name":"(anonymous_7)","line":96,"loc":{"start":{"line":96,"column":12},"end":{"line":96,"column":29}}},"8":{"name":"(anonymous_8)","line":105,"loc":{"start":{"line":105,"column":12},"end":{"line":105,"column":36}}},"9":{"name":"(anonymous_9)","line":141,"loc":{"start":{"line":141,"column":10},"end":{"line":141,"column":25}}},"10":{"name":"(anonymous_10)","line":157,"loc":{"start":{"line":157,"column":17},"end":{"line":157,"column":35}}},"11":{"name":"(anonymous_11)","line":170,"loc":{"start":{"line":170,"column":16},"end":{"line":170,"column":34}}},"12":{"name":"(anonymous_12)","line":178,"loc":{"start":{"line":178,"column":16},"end":{"line":178,"column":33}}},"13":{"name":"(anonymous_13)","line":183,"loc":{"start":{"line":183,"column":15},"end":{"line":183,"column":32}}},"14":{"name":"(anonymous_14)","line":187,"loc":{"start":{"line":187,"column":16},"end":{"line":187,"column":33}}},"15":{"name":"(anonymous_15)","line":192,"loc":{"start":{"line":192,"column":19},"end":{"line":192,"column":34}}},"16":{"name":"(anonymous_16)","line":206,"loc":{"start":{"line":206,"column":19},"end":{"line":206,"column":36}}}},"statementMap":{"1":{"start":{"line":2,"column":0},"end":{"line":2,"column":62}},"2":{"start":{"line":3,"column":0},"end":{"line":235,"column":2}},"3":{"start":{"line":7,"column":8},"end":{"line":7,"column":41}},"4":{"start":{"line":7,"column":30},"end":{"line":7,"column":39}},"5":{"start":{"line":8,"column":8},"end":{"line":8,"column":47}},"6":{"start":{"line":8,"column":31},"end":{"line":8,"column":45}},"7":{"start":{"line":9,"column":8},"end":{"line":9,"column":22}},"8":{"start":{"line":10,"column":8},"end":{"line":13,"column":39}},"9":{"start":{"line":11,"column":12},"end":{"line":11,"column":38}},"10":{"start":{"line":13,"column":12},"end":{"line":13,"column":39}},"11":{"start":{"line":14,"column":8},"end":{"line":14,"column":20}},"12":{"start":{"line":18,"column":8},"end":{"line":18,"column":41}},"13":{"start":{"line":18,"column":30},"end":{"line":18,"column":39}},"14":{"start":{"line":19,"column":8},"end":{"line":19,"column":47}},"15":{"start":{"line":23,"column":8},"end":{"line":23,"column":41}},"16":{"start":{"line":23,"column":30},"end":{"line":23,"column":39}},"17":{"start":{"line":24,"column":8},"end":{"line":24,"column":50}},"18":{"start":{"line":25,"column":8},"end":{"line":33,"column":9}},"19":{"start":{"line":26,"column":12},"end":{"line":32,"column":13}},"20":{"start":{"line":27,"column":16},"end":{"line":31,"column":43}},"21":{"start":{"line":28,"column":20},"end":{"line":28,"column":59}},"22":{"start":{"line":31,"column":20},"end":{"line":31,"column":43}},"23":{"start":{"line":34,"column":8},"end":{"line":34,"column":22}},"24":{"start":{"line":38,"column":8},"end":{"line":38,"column":40}},"25":{"start":{"line":38,"column":30},"end":{"line":38,"column":38}},"26":{"start":{"line":39,"column":8},"end":{"line":39,"column":73}},"27":{"start":{"line":43,"column":8},"end":{"line":43,"column":40}},"28":{"start":{"line":43,"column":30},"end":{"line":43,"column":38}},"29":{"start":{"line":44,"column":8},"end":{"line":44,"column":57}},"30":{"start":{"line":50,"column":8},"end":{"line":50,"column":51}},"31":{"start":{"line":50,"column":31},"end":{"line":50,"column":49}},"32":{"start":{"line":51,"column":8},"end":{"line":51,"column":60}},"33":{"start":{"line":51,"column":30},"end":{"line":51,"column":58}},"34":{"start":{"line":52,"column":8},"end":{"line":54,"column":9}},"35":{"start":{"line":53,"column":12},"end":{"line":53,"column":53}},"36":{"start":{"line":55,"column":8},"end":{"line":56,"column":34}},"37":{"start":{"line":56,"column":12},"end":{"line":56,"column":34}},"38":{"start":{"line":57,"column":8},"end":{"line":66,"column":10}},"39":{"start":{"line":67,"column":8},"end":{"line":75,"column":10}},"40":{"start":{"line":76,"column":8},"end":{"line":78,"column":9}},"41":{"start":{"line":77,"column":12},"end":{"line":77,"column":97}},"42":{"start":{"line":79,"column":8},"end":{"line":85,"column":9}},"43":{"start":{"line":80,"column":12},"end":{"line":84,"column":50}},"44":{"start":{"line":86,"column":8},"end":{"line":92,"column":9}},"45":{"start":{"line":87,"column":12},"end":{"line":91,"column":13}},"46":{"start":{"line":88,"column":16},"end":{"line":90,"column":64}},"47":{"start":{"line":93,"column":8},"end":{"line":93,"column":19}},"48":{"start":{"line":97,"column":8},"end":{"line":97,"column":75}},"49":{"start":{"line":97,"column":32},"end":{"line":97,"column":73}},"50":{"start":{"line":98,"column":8},"end":{"line":98,"column":47}},"51":{"start":{"line":99,"column":8},"end":{"line":99,"column":21}},"52":{"start":{"line":100,"column":8},"end":{"line":101,"column":39}},"53":{"start":{"line":101,"column":12},"end":{"line":101,"column":39}},"54":{"start":{"line":102,"column":8},"end":{"line":102,"column":19}},"55":{"start":{"line":106,"column":8},"end":{"line":106,"column":42}},"56":{"start":{"line":106,"column":31},"end":{"line":106,"column":40}},"57":{"start":{"line":107,"column":8},"end":{"line":107,"column":46}},"58":{"start":{"line":107,"column":33},"end":{"line":107,"column":44}},"59":{"start":{"line":108,"column":8},"end":{"line":108,"column":31}},"60":{"start":{"line":109,"column":8},"end":{"line":109,"column":24}},"61":{"start":{"line":110,"column":8},"end":{"line":110,"column":22}},"62":{"start":{"line":111,"column":8},"end":{"line":111,"column":54}},"63":{"start":{"line":112,"column":8},"end":{"line":138,"column":9}},"64":{"start":{"line":113,"column":12},"end":{"line":120,"column":13}},"65":{"start":{"line":114,"column":16},"end":{"line":118,"column":52}},"66":{"start":{"line":115,"column":20},"end":{"line":115,"column":58}},"67":{"start":{"line":118,"column":20},"end":{"line":118,"column":52}},"68":{"start":{"line":119,"column":16},"end":{"line":119,"column":24}},"69":{"start":{"line":121,"column":12},"end":{"line":121,"column":38}},"70":{"start":{"line":122,"column":12},"end":{"line":122,"column":23}},"71":{"start":{"line":125,"column":12},"end":{"line":133,"column":13}},"72":{"start":{"line":126,"column":16},"end":{"line":131,"column":17}},"73":{"start":{"line":127,"column":20},"end":{"line":127,"column":58}},"74":{"start":{"line":130,"column":20},"end":{"line":130,"column":52}},"75":{"start":{"line":132,"column":16},"end":{"line":132,"column":24}},"76":{"start":{"line":134,"column":12},"end":{"line":136,"column":79}},"77":{"start":{"line":137,"column":12},"end":{"line":137,"column":23}},"78":{"start":{"line":142,"column":8},"end":{"line":142,"column":40}},"79":{"start":{"line":142,"column":30},"end":{"line":142,"column":38}},"80":{"start":{"line":143,"column":8},"end":{"line":143,"column":26}},"81":{"start":{"line":144,"column":8},"end":{"line":151,"column":20}},"82":{"start":{"line":145,"column":12},"end":{"line":148,"column":13}},"83":{"start":{"line":146,"column":16},"end":{"line":146,"column":47}},"84":{"start":{"line":147,"column":16},"end":{"line":147,"column":58}},"85":{"start":{"line":151,"column":12},"end":{"line":151,"column":20}},"86":{"start":{"line":152,"column":8},"end":{"line":152,"column":19}},"87":{"start":{"line":158,"column":8},"end":{"line":167,"column":25}},"88":{"start":{"line":159,"column":12},"end":{"line":159,"column":41}},"89":{"start":{"line":160,"column":12},"end":{"line":160,"column":36}},"90":{"start":{"line":162,"column":13},"end":{"line":167,"column":25}},"91":{"start":{"line":163,"column":12},"end":{"line":163,"column":33}},"92":{"start":{"line":164,"column":12},"end":{"line":164,"column":36}},"93":{"start":{"line":167,"column":12},"end":{"line":167,"column":25}},"94":{"start":{"line":171,"column":8},"end":{"line":175,"column":22}},"95":{"start":{"line":172,"column":12},"end":{"line":172,"column":71}},"96":{"start":{"line":175,"column":12},"end":{"line":175,"column":22}},"97":{"start":{"line":179,"column":8},"end":{"line":179,"column":71}},"98":{"start":{"line":180,"column":8},"end":{"line":180,"column":31}},"99":{"start":{"line":184,"column":8},"end":{"line":184,"column":64}},"100":{"start":{"line":188,"column":8},"end":{"line":188,"column":82}},"101":{"start":{"line":189,"column":8},"end":{"line":189,"column":31}},"102":{"start":{"line":193,"column":8},"end":{"line":203,"column":24}},"103":{"start":{"line":194,"column":12},"end":{"line":200,"column":29}},"104":{"start":{"line":195,"column":16},"end":{"line":197,"column":51}},"105":{"start":{"line":200,"column":16},"end":{"line":200,"column":29}},"106":{"start":{"line":203,"column":12},"end":{"line":203,"column":24}},"107":{"start":{"line":207,"column":8},"end":{"line":207,"column":29}},"108":{"start":{"line":208,"column":8},"end":{"line":208,"column":19}},"109":{"start":{"line":209,"column":8},"end":{"line":209,"column":19}},"110":{"start":{"line":210,"column":8},"end":{"line":210,"column":53}},"111":{"start":{"line":211,"column":8},"end":{"line":211,"column":25}},"112":{"start":{"line":212,"column":8},"end":{"line":214,"column":9}},"113":{"start":{"line":213,"column":12},"end":{"line":213,"column":43}},"114":{"start":{"line":215,"column":8},"end":{"line":228,"column":9}},"115":{"start":{"line":216,"column":12},"end":{"line":216,"column":56}},"116":{"start":{"line":217,"column":12},"end":{"line":227,"column":13}},"117":{"start":{"line":220,"column":16},"end":{"line":220,"column":28}},"118":{"start":{"line":224,"column":16},"end":{"line":224,"column":32}},"119":{"start":{"line":225,"column":16},"end":{"line":226,"column":28}},"120":{"start":{"line":226,"column":20},"end":{"line":226,"column":28}},"121":{"start":{"line":229,"column":8},"end":{"line":229,"column":40}},"122":{"start":{"line":230,"column":8},"end":{"line":231,"column":20}},"123":{"start":{"line":231,"column":12},"end":{"line":231,"column":20}},"124":{"start":{"line":232,"column":8},"end":{"line":232,"column":40}}},"branchMap":{"1":{"line":7,"type":"if","locations":[{"start":{"line":7,"column":8},"end":{"line":7,"column":8}},{"start":{"line":7,"column":8},"end":{"line":7,"column":8}}]},"2":{"line":8,"type":"if","locations":[{"start":{"line":8,"column":8},"end":{"line":8,"column":8}},{"start":{"line":8,"column":8},"end":{"line":8,"column":8}}]},"3":{"line":10,"type":"if","locations":[{"start":{"line":10,"column":8},"end":{"line":10,"column":8}},{"start":{"line":10,"column":8},"end":{"line":10,"column":8}}]},"4":{"line":18,"type":"if","locations":[{"start":{"line":18,"column":8},"end":{"line":18,"column":8}},{"start":{"line":18,"column":8},"end":{"line":18,"column":8}}]},"5":{"line":23,"type":"if","locations":[{"start":{"line":23,"column":8},"end":{"line":23,"column":8}},{"start":{"line":23,"column":8},"end":{"line":23,"column":8}}]},"6":{"line":24,"type":"cond-expr","locations":[{"start":{"line":24,"column":42},"end":{"line":24,"column":44}},{"start":{"line":24,"column":47},"end":{"line":24,"column":49}}]},"7":{"line":26,"type":"if","locations":[{"start":{"line":26,"column":12},"end":{"line":26,"column":12}},{"start":{"line":26,"column":12},"end":{"line":26,"column":12}}]},"8":{"line":27,"type":"if","locations":[{"start":{"line":27,"column":16},"end":{"line":27,"column":16}},{"start":{"line":27,"column":16},"end":{"line":27,"column":16}}]},"9":{"line":27,"type":"binary-expr","locations":[{"start":{"line":27,"column":20},"end":{"line":27,"column":48}},{"start":{"line":27,"column":52},"end":{"line":27,"column":69}}]},"10":{"line":38,"type":"if","locations":[{"start":{"line":38,"column":8},"end":{"line":38,"column":8}},{"start":{"line":38,"column":8},"end":{"line":38,"column":8}}]},"11":{"line":39,"type":"cond-expr","locations":[{"start":{"line":39,"column":40},"end":{"line":39,"column":43}},{"start":{"line":39,"column":46},"end":{"line":39,"column":72}}]},"12":{"line":43,"type":"if","locations":[{"start":{"line":43,"column":8},"end":{"line":43,"column":8}},{"start":{"line":43,"column":8},"end":{"line":43,"column":8}}]},"13":{"line":44,"type":"cond-expr","locations":[{"start":{"line":44,"column":40},"end":{"line":44,"column":43}},{"start":{"line":44,"column":46},"end":{"line":44,"column":56}}]},"14":{"line":50,"type":"if","locations":[{"start":{"line":50,"column":8},"end":{"line":50,"column":8}},{"start":{"line":50,"column":8},"end":{"line":50,"column":8}}]},"15":{"line":51,"type":"if","locations":[{"start":{"line":51,"column":8},"end":{"line":51,"column":8}},{"start":{"line":51,"column":8},"end":{"line":51,"column":8}}]},"16":{"line":52,"type":"if","locations":[{"start":{"line":52,"column":8},"end":{"line":52,"column":8}},{"start":{"line":52,"column":8},"end":{"line":52,"column":8}}]},"17":{"line":55,"type":"if","locations":[{"start":{"line":55,"column":8},"end":{"line":55,"column":8}},{"start":{"line":55,"column":8},"end":{"line":55,"column":8}}]},"18":{"line":60,"type":"cond-expr","locations":[{"start":{"line":60,"column":47},"end":{"line":60,"column":49}},{"start":{"line":60,"column":52},"end":{"line":60,"column":72}}]},"19":{"line":76,"type":"if","locations":[{"start":{"line":76,"column":8},"end":{"line":76,"column":8}},{"start":{"line":76,"column":8},"end":{"line":76,"column":8}}]},"20":{"line":79,"type":"if","locations":[{"start":{"line":79,"column":8},"end":{"line":79,"column":8}},{"start":{"line":79,"column":8},"end":{"line":79,"column":8}}]},"21":{"line":80,"type":"cond-expr","locations":[{"start":{"line":81,"column":18},"end":{"line":83,"column":30}},{"start":{"line":84,"column":18},"end":{"line":84,"column":20}}]},"22":{"line":81,"type":"cond-expr","locations":[{"start":{"line":82,"column":22},"end":{"line":82,"column":36}},{"start":{"line":83,"column":22},"end":{"line":83,"column":30}}]},"23":{"line":87,"type":"if","locations":[{"start":{"line":87,"column":12},"end":{"line":87,"column":12}},{"start":{"line":87,"column":12},"end":{"line":87,"column":12}}]},"24":{"line":88,"type":"cond-expr","locations":[{"start":{"line":89,"column":22},"end":{"line":89,"column":26}},{"start":{"line":90,"column":22},"end":{"line":90,"column":62}}]},"25":{"line":97,"type":"if","locations":[{"start":{"line":97,"column":8},"end":{"line":97,"column":8}},{"start":{"line":97,"column":8},"end":{"line":97,"column":8}}]},"26":{"line":106,"type":"if","locations":[{"start":{"line":106,"column":8},"end":{"line":106,"column":8}},{"start":{"line":106,"column":8},"end":{"line":106,"column":8}}]},"27":{"line":107,"type":"if","locations":[{"start":{"line":107,"column":8},"end":{"line":107,"column":8}},{"start":{"line":107,"column":8},"end":{"line":107,"column":8}}]},"28":{"line":112,"type":"if","locations":[{"start":{"line":112,"column":8},"end":{"line":112,"column":8}},{"start":{"line":112,"column":8},"end":{"line":112,"column":8}}]},"29":{"line":114,"type":"if","locations":[{"start":{"line":114,"column":16},"end":{"line":114,"column":16}},{"start":{"line":114,"column":16},"end":{"line":114,"column":16}}]},"30":{"line":114,"type":"binary-expr","locations":[{"start":{"line":114,"column":20},"end":{"line":114,"column":35}},{"start":{"line":114,"column":39},"end":{"line":114,"column":50}}]},"31":{"line":126,"type":"if","locations":[{"start":{"line":126,"column":16},"end":{"line":126,"column":16}},{"start":{"line":126,"column":16},"end":{"line":126,"column":16}}]},"32":{"line":126,"type":"binary-expr","locations":[{"start":{"line":126,"column":20},"end":{"line":126,"column":35}},{"start":{"line":126,"column":39},"end":{"line":126,"column":50}}]},"33":{"line":142,"type":"if","locations":[{"start":{"line":142,"column":8},"end":{"line":142,"column":8}},{"start":{"line":142,"column":8},"end":{"line":142,"column":8}}]},"34":{"line":144,"type":"if","locations":[{"start":{"line":144,"column":8},"end":{"line":144,"column":8}},{"start":{"line":144,"column":8},"end":{"line":144,"column":8}}]},"35":{"line":145,"type":"if","locations":[{"start":{"line":145,"column":12},"end":{"line":145,"column":12}},{"start":{"line":145,"column":12},"end":{"line":145,"column":12}}]},"36":{"line":158,"type":"if","locations":[{"start":{"line":158,"column":8},"end":{"line":158,"column":8}},{"start":{"line":158,"column":8},"end":{"line":158,"column":8}}]},"37":{"line":162,"type":"if","locations":[{"start":{"line":162,"column":13},"end":{"line":162,"column":13}},{"start":{"line":162,"column":13},"end":{"line":162,"column":13}}]},"38":{"line":171,"type":"if","locations":[{"start":{"line":171,"column":8},"end":{"line":171,"column":8}},{"start":{"line":171,"column":8},"end":{"line":171,"column":8}}]},"39":{"line":193,"type":"if","locations":[{"start":{"line":193,"column":8},"end":{"line":193,"column":8}},{"start":{"line":193,"column":8},"end":{"line":193,"column":8}}]},"40":{"line":194,"type":"if","locations":[{"start":{"line":194,"column":12},"end":{"line":194,"column":12}},{"start":{"line":194,"column":12},"end":{"line":194,"column":12}}]},"41":{"line":195,"type":"cond-expr","locations":[{"start":{"line":196,"column":22},"end":{"line":196,"column":37}},{"start":{"line":197,"column":22},"end":{"line":197,"column":50}}]},"42":{"line":217,"type":"if","locations":[{"start":{"line":217,"column":12},"end":{"line":217,"column":12}},{"start":{"line":217,"column":12},"end":{"line":217,"column":12}}]},"43":{"line":225,"type":"if","locations":[{"start":{"line":225,"column":16},"end":{"line":225,"column":16}},{"start":{"line":225,"column":16},"end":{"line":225,"column":16}}]},"44":{"line":230,"type":"if","locations":[{"start":{"line":230,"column":8},"end":{"line":230,"column":8}},{"start":{"line":230,"column":8},"end":{"line":230,"column":8}}]}}}}