TN:
SF:D:\hzq\github\vue-tool-plugin\dist\tool-methods.js
FN:6,(anonymous_1)
FN:17,(anonymous_2)
FN:22,(anonymous_3)
FN:37,(anonymous_4)
FN:42,(anonymous_5)
FN:49,(anonymous_6)
FN:96,(anonymous_7)
FN:105,(anonymous_8)
FN:141,(anonymous_9)
FN:157,(anonymous_10)
FN:170,(anonymous_11)
FN:178,(anonymous_12)
FN:183,(anonymous_13)
FN:187,(anonymous_14)
FN:192,(anonymous_15)
FN:206,(anonymous_16)
FNF:16
FNH:11
FNDA:1,(anonymous_1)
FNDA:1,(anonymous_2)
FNDA:0,(anonymous_3)
FNDA:1,(anonymous_4)
FNDA:1,(anonymous_5)
FNDA:0,(anonymous_6)
FNDA:1,(anonymous_7)
FNDA:3,(anonymous_8)
FNDA:2,(anonymous_9)
FNDA:2,(anonymous_10)
FNDA:0,(anonymous_11)
FNDA:2,(anonymous_12)
FNDA:1,(anonymous_13)
FNDA:0,(anonymous_14)
FNDA:5,(anonymous_15)
FNDA:0,(anonymous_16)
DA:2,1
DA:3,1
DA:7,1
DA:8,1
DA:9,1
DA:10,1
DA:11,1
DA:13,0
DA:14,1
DA:18,1
DA:19,1
DA:23,0
DA:24,0
DA:25,0
DA:26,0
DA:27,0
DA:28,0
DA:31,0
DA:34,0
DA:38,1
DA:39,1
DA:43,1
DA:44,1
DA:50,0
DA:51,0
DA:52,0
DA:53,0
DA:55,0
DA:56,0
DA:57,0
DA:67,0
DA:76,0
DA:77,0
DA:79,0
DA:80,0
DA:86,0
DA:87,0
DA:88,0
DA:93,0
DA:97,1
DA:98,1
DA:99,1
DA:100,1
DA:101,3
DA:102,1
DA:106,3
DA:107,3
DA:108,3
DA:109,3
DA:110,3
DA:111,3
DA:112,3
DA:113,1
DA:114,1
DA:115,0
DA:118,1
DA:119,1
DA:121,1
DA:122,1
DA:125,2
DA:126,12
DA:127,2
DA:130,10
DA:132,12
DA:134,2
DA:137,2
DA:142,2
DA:143,2
DA:144,2
DA:145,1
DA:146,1
DA:147,1
DA:151,1
DA:152,2
DA:158,2
DA:159,1
DA:160,1
DA:162,1
DA:163,0
DA:164,0
DA:167,1
DA:171,0
DA:172,0
DA:175,0
DA:179,2
DA:180,2
DA:184,1
DA:188,0
DA:189,0
DA:193,5
DA:194,3
DA:195,2
DA:200,1
DA:203,2
DA:207,0
DA:208,0
DA:209,0
DA:210,0
DA:211,0
DA:212,0
DA:213,0
DA:215,0
DA:216,0
DA:217,0
DA:220,0
DA:224,0
DA:225,0
DA:226,0
DA:229,0
DA:230,0
DA:231,0
DA:232,0
LF:112
LH:61
BRDA:7,1,0,0
BRDA:7,1,1,1
BRDA:8,2,0,1
BRDA:8,2,1,0
BRDA:10,3,0,1
BRDA:10,3,1,0
BRDA:18,4,0,0
BRDA:18,4,1,1
BRDA:23,5,0,0
BRDA:23,5,1,0
BRDA:24,6,0,0
BRDA:24,6,1,0
BRDA:26,7,0,0
BRDA:26,7,1,0
BRDA:27,8,0,0
BRDA:27,8,1,0
BRDA:27,9,0,0
BRDA:27,9,1,0
BRDA:38,10,0,1
BRDA:38,10,1,0
BRDA:39,11,0,0
BRDA:39,11,1,1
BRDA:43,12,0,1
BRDA:43,12,1,0
BRDA:44,13,0,0
BRDA:44,13,1,1
BRDA:50,14,0,0
BRDA:50,14,1,0
BRDA:51,15,0,0
BRDA:51,15,1,0
BRDA:52,16,0,0
BRDA:52,16,1,0
BRDA:55,17,0,0
BRDA:55,17,1,0
BRDA:60,18,0,0
BRDA:60,18,1,0
BRDA:76,19,0,0
BRDA:76,19,1,0
BRDA:79,20,0,0
BRDA:79,20,1,0
BRDA:80,21,0,0
BRDA:80,21,1,0
BRDA:81,22,0,0
BRDA:81,22,1,0
BRDA:87,23,0,0
BRDA:87,23,1,0
BRDA:88,24,0,0
BRDA:88,24,1,0
BRDA:97,25,0,0
BRDA:97,25,1,1
BRDA:106,26,0,1
BRDA:106,26,1,2
BRDA:107,27,0,1
BRDA:107,27,1,2
BRDA:112,28,0,1
BRDA:112,28,1,2
BRDA:114,29,0,0
BRDA:114,29,1,1
BRDA:114,30,0,1
BRDA:114,30,1,1
BRDA:126,31,0,2
BRDA:126,31,1,10
BRDA:126,32,0,12
BRDA:126,32,1,4
BRDA:142,33,0,1
BRDA:142,33,1,1
BRDA:144,34,0,1
BRDA:144,34,1,1
BRDA:145,35,0,1
BRDA:145,35,1,0
BRDA:158,36,0,1
BRDA:158,36,1,1
BRDA:162,37,0,0
BRDA:162,37,1,1
BRDA:171,38,0,0
BRDA:171,38,1,0
BRDA:193,39,0,3
BRDA:193,39,1,2
BRDA:194,40,0,2
BRDA:194,40,1,1
BRDA:195,41,0,1
BRDA:195,41,1,1
BRDA:217,42,0,0
BRDA:217,42,1,0
BRDA:225,43,0,0
BRDA:225,43,1,0
BRDA:230,44,0,0
BRDA:230,44,1,0
BRF:88
BRH:36
end_of_record
